<?xml version="1.0" encoding="UTF-8"?>
<!-- Generated by org.testng.reporters.JUnitXMLReporter -->
<testsuite ignored="0" hostname="sfsi-ashish-macair.phxa.com" failures="0" tests="19" name="IntelliMARSiPhone" time="0.399" errors="0" timestamp="2020-02-11T12:59:13 IST">
  <testcase classname="intellimars.IntelliMARSiPhone" name="@BeforeTest setUp" time="0.191">
    <failure type="org.openqa.selenium.SessionNotCreatedException" message="Unable to create a new remote session. Please check the server log for more details. Original error: An unknown server-side error occurred while processing the command. Original error: Unknown device or simulator UDID: &amp;apos;50566ae7a20151b7a5fbbece43d508c376ee2d4f&amp;apos;
Build info: version: &amp;apos;3.141.59&amp;apos;, revision: &amp;apos;e82be7d358&amp;apos;, time: &amp;apos;2018-11-14T08:17:03&amp;apos;
System info: host: &amp;apos;sfsi-ashish-macair.phxa.com&amp;apos;, ip: &amp;apos;fe80:0:0:0:811:afc5:6b98:796%en0&amp;apos;, os.name: &amp;apos;Mac OS X&amp;apos;, os.arch: &amp;apos;x86_64&amp;apos;, os.version: &amp;apos;10.15.2&amp;apos;, java.version: &amp;apos;13.0.1&amp;apos;
Driver info: driver.version: IOSDriver
remote stacktrace: UnknownError: An unknown server-side error occurred while processing the command. Original error: Unknown device or simulator UDID: &amp;apos;50566ae7a20151b7a5fbbece43d508c376ee2d4f&amp;apos;
    at getResponseForW3CError (/Applications/Appium.app/Contents/Resources/app/node_modules/appium/node_modules/appium-base-driver/lib/protocol/errors.js:804:9)
    at asyncHandler (/Applications/Appium.app/Contents/Resources/app/node_modules/appium/node_modules/appium-base-driver/lib/protocol/protocol.js:388:37)
    at process._tickCallback (internal/process/next_tick.js:68:7)
Build info: version: &amp;apos;3.141.59&amp;apos;, revision: &amp;apos;e82be7d358&amp;apos;, time: &amp;apos;2018-11-14T08:17:03&amp;apos;
System info: host: &amp;apos;sfsi-ashish-macair.phxa.com&amp;apos;, ip: &amp;apos;fe80:0:0:0:811:afc5:6b98:796%en0&amp;apos;, os.name: &amp;apos;Mac OS X&amp;apos;, os.arch: &amp;apos;x86_64&amp;apos;, os.version: &amp;apos;10.15.2&amp;apos;, java.version: &amp;apos;13.0.1&amp;apos;
Driver info: driver.version: IOSDriver">
      <![CDATA[org.openqa.selenium.SessionNotCreatedException: Unable to create a new remote session. Please check the server log for more details. Original error: An unknown server-side error occurred while processing the command. Original error: Unknown device or simulator UDID: '50566ae7a20151b7a5fbbece43d508c376ee2d4f'
Build info: version: '3.141.59', revision: 'e82be7d358', time: '2018-11-14T08:17:03'
System info: host: 'sfsi-ashish-macair.phxa.com', ip: 'fe80:0:0:0:811:afc5:6b98:796%en0', os.name: 'Mac OS X', os.arch: 'x86_64', os.version: '10.15.2', java.version: '13.0.1'
Driver info: driver.version: IOSDriver
remote stacktrace: UnknownError: An unknown server-side error occurred while processing the command. Original error: Unknown device or simulator UDID: '50566ae7a20151b7a5fbbece43d508c376ee2d4f'
    at getResponseForW3CError (/Applications/Appium.app/Contents/Resources/app/node_modules/appium/node_modules/appium-base-driver/lib/protocol/errors.js:804:9)
    at asyncHandler (/Applications/Appium.app/Contents/Resources/app/node_modules/appium/node_modules/appium-base-driver/lib/protocol/protocol.js:388:37)
    at process._tickCallback (internal/process/next_tick.js:68:7)
Build info: version: '3.141.59', revision: 'e82be7d358', time: '2018-11-14T08:17:03'
System info: host: 'sfsi-ashish-macair.phxa.com', ip: 'fe80:0:0:0:811:afc5:6b98:796%en0', os.name: 'Mac OS X', os.arch: 'x86_64', os.version: '10.15.2', java.version: '13.0.1'
Driver info: driver.version: IOSDriver
at io.appium.java_client.remote.AppiumCommandExecutor$1.createSession(AppiumCommandExecutor.java:208)
at io.appium.java_client.remote.AppiumCommandExecutor.createSession(AppiumCommandExecutor.java:217)
at io.appium.java_client.remote.AppiumCommandExecutor.execute(AppiumCommandExecutor.java:239)
at org.openqa.selenium.remote.RemoteWebDriver.execute(RemoteWebDriver.java:552)
at io.appium.java_client.DefaultGenericMobileDriver.execute(DefaultGenericMobileDriver.java:41)
at io.appium.java_client.AppiumDriver.execute(AppiumDriver.java:1)
at io.appium.java_client.ios.IOSDriver.execute(IOSDriver.java:1)
at org.openqa.selenium.remote.RemoteWebDriver.startSession(RemoteWebDriver.java:213)
at io.appium.java_client.AppiumDriver.startSession(AppiumDriver.java:336)
at org.openqa.selenium.remote.RemoteWebDriver.<init>(RemoteWebDriver.java:131)
at io.appium.java_client.DefaultGenericMobileDriver.<init>(DefaultGenericMobileDriver.java:37)
at io.appium.java_client.AppiumDriver.<init>(AppiumDriver.java:88)
at io.appium.java_client.AppiumDriver.<init>(AppiumDriver.java:98)
at io.appium.java_client.ios.IOSDriver.<init>(IOSDriver.java:90)
at intellimars.IntelliMARSiPhone.setUp(IntelliMARSiPhone.java:52)
at io.appium.java_client.remote.AppiumCommandExecutor$1.createSession(AppiumCommandExecutor.java:186)
... 38 more
Caused by: org.openqa.selenium.WebDriverException: An unknown server-side error occurred while processing the command. Original error: Unknown device or simulator UDID: '50566ae7a20151b7a5fbbece43d508c376ee2d4f'
Build info: version: '3.141.59', revision: 'e82be7d358', time: '2018-11-14T08:17:03'
System info: host: 'sfsi-ashish-macair.phxa.com', ip: 'fe80:0:0:0:811:afc5:6b98:796%en0', os.name: 'Mac OS X', os.arch: 'x86_64', os.version: '10.15.2', java.version: '13.0.1'
Driver info: driver.version: IOSDriver
remote stacktrace: UnknownError: An unknown server-side error occurred while processing the command. Original error: Unknown device or simulator UDID: '50566ae7a20151b7a5fbbece43d508c376ee2d4f'
    at getResponseForW3CError (/Applications/Appium.app/Contents/Resources/app/node_modules/appium/node_modules/appium-base-driver/lib/protocol/errors.js:804:9)
    at asyncHandler (/Applications/Appium.app/Contents/Resources/app/node_modules/appium/node_modules/appium-base-driver/lib/protocol/protocol.js:388:37)
    at process._tickCallback (internal/process/next_tick.js:68:7)
at org.openqa.selenium.remote.W3CHandshakeResponse.lambda$errorHandler$0(W3CHandshakeResponse.java:62)
at org.openqa.selenium.remote.HandshakeResponse.lambda$getResponseFunction$0(HandshakeResponse.java:30)
at org.openqa.selenium.remote.ProtocolHandshake.lambda$createSession$0(ProtocolHandshake.java:126)
at java.base/java.util.stream.ReferencePipeline$3$1.accept(ReferencePipeline.java:195)
at java.base/java.util.Spliterators$ArraySpliterator.tryAdvance(Spliterators.java:958)
at java.base/java.util.stream.ReferencePipeline.forEachWithCancel(ReferencePipeline.java:127)
at java.base/java.util.stream.AbstractPipeline.copyIntoWithCancel(AbstractPipeline.java:502)
at java.base/java.util.stream.AbstractPipeline.copyInto(AbstractPipeline.java:488)
at java.base/java.util.stream.AbstractPipeline.wrapAndCopyInto(AbstractPipeline.java:474)
at java.base/java.util.stream.FindOps$FindOp.evaluateSequential(FindOps.java:150)
at java.base/java.util.stream.AbstractPipeline.evaluate(AbstractPipeline.java:234)
at java.base/java.util.stream.ReferencePipeline.findFirst(ReferencePipeline.java:543)
at org.openqa.selenium.remote.ProtocolHandshake.createSession(ProtocolHandshake.java:128)
... 43 more
... Removed 34 stack frames]]>
    </failure>
  </testcase> <!-- @BeforeTest setUp -->
  <testcase classname="intellimars.IntelliMARSiPhone" name="@BeforeMethod waitforit" time="-1.581406153635E9">
    <skipped/>
  </testcase> <!-- @BeforeMethod waitforit -->
  <testcase classname="intellimars.IntelliMARSiPhone" name="@BeforeMethod waitforit" time="-1.581406153646E9">
    <skipped/>
  </testcase> <!-- @BeforeMethod waitforit -->
  <testcase classname="intellimars.IntelliMARSiPhone" name="@BeforeMethod waitforit" time="-1.581406153654E9">
    <skipped/>
  </testcase> <!-- @BeforeMethod waitforit -->
  <testcase classname="intellimars.IntelliMARSiPhone" name="@BeforeMethod waitforit" time="-1.581406153666E9">
    <skipped/>
  </testcase> <!-- @BeforeMethod waitforit -->
  <testcase classname="intellimars.IntelliMARSiPhone" name="@BeforeMethod waitforit" time="-1.58140615368E9">
    <skipped/>
  </testcase> <!-- @BeforeMethod waitforit -->
  <testcase classname="intellimars.IntelliMARSiPhone" name="@BeforeMethod waitforit" time="-1.581406153696E9">
    <skipped/>
  </testcase> <!-- @BeforeMethod waitforit -->
  <testcase classname="intellimars.IntelliMARSiPhone" name="@BeforeMethod waitforit" time="-1.581406153703E9">
    <skipped/>
  </testcase> <!-- @BeforeMethod waitforit -->
  <testcase classname="intellimars.IntelliMARSiPhone" name="@BeforeMethod waitforit" time="-1.581406153715E9">
    <skipped/>
  </testcase> <!-- @BeforeMethod waitforit -->
  <testcase classname="intellimars.IntelliMARSiPhone" name="@BeforeMethod waitforit" time="-1.581406153722E9">
    <skipped/>
  </testcase> <!-- @BeforeMethod waitforit -->
  <testcase classname="intellimars.IntelliMARSiPhone" name="@BeforeMethod waitforit" time="-1.581406153731E9">
    <skipped/>
  </testcase> <!-- @BeforeMethod waitforit -->
  <testcase classname="intellimars.IntelliMARSiPhone" name="@BeforeMethod waitforit" time="-1.581406153739E9">
    <skipped/>
  </testcase> <!-- @BeforeMethod waitforit -->
  <testcase classname="intellimars.IntelliMARSiPhone" name="@BeforeMethod waitforit" time="-1.581406153749E9">
    <skipped/>
  </testcase> <!-- @BeforeMethod waitforit -->
  <testcase classname="intellimars.IntelliMARSiPhone" name="@BeforeMethod waitforit" time="-1.581406153756E9">
    <skipped/>
  </testcase> <!-- @BeforeMethod waitforit -->
  <testcase classname="intellimars.IntelliMARSiPhone" name="@BeforeMethod waitforit" time="-1.58140615377E9">
    <skipped/>
  </testcase> <!-- @BeforeMethod waitforit -->
  <testcase classname="intellimars.IntelliMARSiPhone" name="@BeforeMethod waitforit" time="-1.581406153786E9">
    <skipped/>
  </testcase> <!-- @BeforeMethod waitforit -->
  <testcase classname="intellimars.IntelliMARSiPhone" name="@BeforeMethod waitforit" time="-1.581406153796E9">
    <skipped/>
  </testcase> <!-- @BeforeMethod waitforit -->
  <testcase classname="intellimars.IntelliMARSiPhone" name="@BeforeMethod waitforit" time="-1.581406153809E9">
    <skipped/>
  </testcase> <!-- @BeforeMethod waitforit -->
  <testcase classname="intellimars.IntelliMARSiPhone" name="@BeforeMethod waitforit" time="-1.58140615382E9">
    <skipped/>
  </testcase> <!-- @BeforeMethod waitforit -->
  <testcase classname="intellimars.IntelliMARSiPhone" name="@BeforeMethod waitforit" time="-1.581406153829E9">
    <skipped/>
  </testcase> <!-- @BeforeMethod waitforit -->
  <testcase classname="intellimars.IntelliMARSiPhone" name="dashoard" time="0.0">
    <skipped/>
  </testcase> <!-- dashoard -->
  <testcase classname="intellimars.IntelliMARSiPhone" name="dashboard2" time="0.0">
    <skipped/>
  </testcase> <!-- dashboard2 -->
  <testcase classname="intellimars.IntelliMARSiPhone" name="rep" time="0.0">
    <skipped/>
  </testcase> <!-- rep -->
  <testcase classname="intellimars.IntelliMARSiPhone" name="repsnearme" time="0.0">
    <skipped/>
  </testcase> <!-- repsnearme -->
  <testcase classname="intellimars.IntelliMARSiPhone" name="team" time="0.0">
    <skipped/>
  </testcase> <!-- team -->
  <testcase classname="intellimars.IntelliMARSiPhone" name="teamsnearme" time="0.0">
    <skipped/>
  </testcase> <!-- teamsnearme -->
  <testcase classname="intellimars.IntelliMARSiPhone" name="office" time="0.0">
    <skipped/>
  </testcase> <!-- office -->
  <testcase classname="intellimars.IntelliMARSiPhone" name="officesnearme" time="0.0">
    <skipped/>
  </testcase> <!-- officesnearme -->
  <testcase classname="intellimars.IntelliMARSiPhone" name="firm" time="0.0">
    <skipped/>
  </testcase> <!-- firm -->
  <testcase classname="intellimars.IntelliMARSiPhone" name="product" time="0.0">
    <skipped/>
  </testcase> <!-- product -->
  <testcase classname="intellimars.IntelliMARSiPhone" name="starreport" time="0.0">
    <skipped/>
  </testcase> <!-- starreport -->
  <testcase classname="intellimars.IntelliMARSiPhone" name="general" time="0.0">
    <skipped/>
  </testcase> <!-- general -->
  <testcase classname="intellimars.IntelliMARSiPhone" name="feedback" time="0.0">
    <skipped/>
  </testcase> <!-- feedback -->
  <testcase classname="intellimars.IntelliMARSiPhone" name="signout" time="0.0">
    <skipped/>
  </testcase> <!-- signout -->
  <testcase classname="intellimars.IntelliMARSiPhone" name="login" time="0.0">
    <skipped/>
  </testcase> <!-- login -->
  <testcase classname="intellimars.IntelliMARSiPhone" name="crm_winnersRedeemers" time="0.0">
    <skipped/>
  </testcase> <!-- crm_winnersRedeemers -->
  <testcase classname="intellimars.IntelliMARSiPhone" name="segmentation" time="0.0">
    <skipped/>
  </testcase> <!-- segmentation -->
  <testcase classname="intellimars.IntelliMARSiPhone" name="calendar" time="0.0">
    <skipped/>
  </testcase> <!-- calendar -->
  <testcase classname="intellimars.IntelliMARSiPhone" name="timeline" time="0.0">
    <skipped/>
  </testcase> <!-- timeline -->
</testsuite> <!-- IntelliMARSiPhone -->
