<?xml version="1.0" encoding="UTF-8"?>
<!-- Generated by org.testng.reporters.JUnitXMLReporter -->
<testsuite ignored="0" hostname="sfsi-ashish-macair.phxa.com" failures="0" tests="16" name="IntelliMars2iPhone" time="0.944" errors="0" timestamp="2020-02-11T13:01:26 IST">
  <testcase classname="intellimars.IntelliMars2iPhone" name="@BeforeTest setUp" time="0.687">
    <failure type="org.openqa.selenium.SessionNotCreatedException" message="Unable to create a new remote session. Please check the server log for more details. Original error: An unknown server-side error occurred while processing the command. Original error: Unknown device or simulator UDID: &amp;apos;50566ae7a20151b7a5fbbece43d508c376ee2d4f&amp;apos;
Build info: version: &amp;apos;3.141.59&amp;apos;, revision: &amp;apos;e82be7d358&amp;apos;, time: &amp;apos;2018-11-14T08:17:03&amp;apos;
System info: host: &amp;apos;sfsi-ashish-macair.phxa.com&amp;apos;, ip: &amp;apos;fe80:0:0:0:811:afc5:6b98:796%en0&amp;apos;, os.name: &amp;apos;Mac OS X&amp;apos;, os.arch: &amp;apos;x86_64&amp;apos;, os.version: &amp;apos;10.15.2&amp;apos;, java.version: &amp;apos;13.0.1&amp;apos;
Driver info: driver.version: IOSDriver
remote stacktrace: UnknownError: An unknown server-side error occurred while processing the command. Original error: Unknown device or simulator UDID: &amp;apos;50566ae7a20151b7a5fbbece43d508c376ee2d4f&amp;apos;
    at getResponseForW3CError (/Applications/Appium.app/Contents/Resources/app/node_modules/appium/node_modules/appium-base-driver/lib/protocol/errors.js:804:9)
    at asyncHandler (/Applications/Appium.app/Contents/Resources/app/node_modules/appium/node_modules/appium-base-driver/lib/protocol/protocol.js:388:37)
    at process._tickCallback (internal/process/next_tick.js:68:7)
Build info: version: &amp;apos;3.141.59&amp;apos;, revision: &amp;apos;e82be7d358&amp;apos;, time: &amp;apos;2018-11-14T08:17:03&amp;apos;
System info: host: &amp;apos;sfsi-ashish-macair.phxa.com&amp;apos;, ip: &amp;apos;fe80:0:0:0:811:afc5:6b98:796%en0&amp;apos;, os.name: &amp;apos;Mac OS X&amp;apos;, os.arch: &amp;apos;x86_64&amp;apos;, os.version: &amp;apos;10.15.2&amp;apos;, java.version: &amp;apos;13.0.1&amp;apos;
Driver info: driver.version: IOSDriver">
      <![CDATA[org.openqa.selenium.SessionNotCreatedException: Unable to create a new remote session. Please check the server log for more details. Original error: An unknown server-side error occurred while processing the command. Original error: Unknown device or simulator UDID: '50566ae7a20151b7a5fbbece43d508c376ee2d4f'
Build info: version: '3.141.59', revision: 'e82be7d358', time: '2018-11-14T08:17:03'
System info: host: 'sfsi-ashish-macair.phxa.com', ip: 'fe80:0:0:0:811:afc5:6b98:796%en0', os.name: 'Mac OS X', os.arch: 'x86_64', os.version: '10.15.2', java.version: '13.0.1'
Driver info: driver.version: IOSDriver
remote stacktrace: UnknownError: An unknown server-side error occurred while processing the command. Original error: Unknown device or simulator UDID: '50566ae7a20151b7a5fbbece43d508c376ee2d4f'
    at getResponseForW3CError (/Applications/Appium.app/Contents/Resources/app/node_modules/appium/node_modules/appium-base-driver/lib/protocol/errors.js:804:9)
    at asyncHandler (/Applications/Appium.app/Contents/Resources/app/node_modules/appium/node_modules/appium-base-driver/lib/protocol/protocol.js:388:37)
    at process._tickCallback (internal/process/next_tick.js:68:7)
Build info: version: '3.141.59', revision: 'e82be7d358', time: '2018-11-14T08:17:03'
System info: host: 'sfsi-ashish-macair.phxa.com', ip: 'fe80:0:0:0:811:afc5:6b98:796%en0', os.name: 'Mac OS X', os.arch: 'x86_64', os.version: '10.15.2', java.version: '13.0.1'
Driver info: driver.version: IOSDriver
at io.appium.java_client.remote.AppiumCommandExecutor$1.createSession(AppiumCommandExecutor.java:208)
at io.appium.java_client.remote.AppiumCommandExecutor.createSession(AppiumCommandExecutor.java:217)
at io.appium.java_client.remote.AppiumCommandExecutor.execute(AppiumCommandExecutor.java:239)
at org.openqa.selenium.remote.RemoteWebDriver.execute(RemoteWebDriver.java:552)
at io.appium.java_client.DefaultGenericMobileDriver.execute(DefaultGenericMobileDriver.java:41)
at io.appium.java_client.AppiumDriver.execute(AppiumDriver.java:1)
at io.appium.java_client.ios.IOSDriver.execute(IOSDriver.java:1)
at org.openqa.selenium.remote.RemoteWebDriver.startSession(RemoteWebDriver.java:213)
at io.appium.java_client.AppiumDriver.startSession(AppiumDriver.java:336)
at org.openqa.selenium.remote.RemoteWebDriver.<init>(RemoteWebDriver.java:131)
at io.appium.java_client.DefaultGenericMobileDriver.<init>(DefaultGenericMobileDriver.java:37)
at io.appium.java_client.AppiumDriver.<init>(AppiumDriver.java:88)
at io.appium.java_client.AppiumDriver.<init>(AppiumDriver.java:98)
at io.appium.java_client.ios.IOSDriver.<init>(IOSDriver.java:90)
at intellimars.IntelliMars2iPhone.setUp(IntelliMars2iPhone.java:48)
at io.appium.java_client.remote.AppiumCommandExecutor$1.createSession(AppiumCommandExecutor.java:186)
... 38 more
Caused by: org.openqa.selenium.WebDriverException: An unknown server-side error occurred while processing the command. Original error: Unknown device or simulator UDID: '50566ae7a20151b7a5fbbece43d508c376ee2d4f'
Build info: version: '3.141.59', revision: 'e82be7d358', time: '2018-11-14T08:17:03'
System info: host: 'sfsi-ashish-macair.phxa.com', ip: 'fe80:0:0:0:811:afc5:6b98:796%en0', os.name: 'Mac OS X', os.arch: 'x86_64', os.version: '10.15.2', java.version: '13.0.1'
Driver info: driver.version: IOSDriver
remote stacktrace: UnknownError: An unknown server-side error occurred while processing the command. Original error: Unknown device or simulator UDID: '50566ae7a20151b7a5fbbece43d508c376ee2d4f'
    at getResponseForW3CError (/Applications/Appium.app/Contents/Resources/app/node_modules/appium/node_modules/appium-base-driver/lib/protocol/errors.js:804:9)
    at asyncHandler (/Applications/Appium.app/Contents/Resources/app/node_modules/appium/node_modules/appium-base-driver/lib/protocol/protocol.js:388:37)
    at process._tickCallback (internal/process/next_tick.js:68:7)
at org.openqa.selenium.remote.W3CHandshakeResponse.lambda$errorHandler$0(W3CHandshakeResponse.java:62)
at org.openqa.selenium.remote.HandshakeResponse.lambda$getResponseFunction$0(HandshakeResponse.java:30)
at org.openqa.selenium.remote.ProtocolHandshake.lambda$createSession$0(ProtocolHandshake.java:126)
at java.base/java.util.stream.ReferencePipeline$3$1.accept(ReferencePipeline.java:195)
at java.base/java.util.Spliterators$ArraySpliterator.tryAdvance(Spliterators.java:958)
at java.base/java.util.stream.ReferencePipeline.forEachWithCancel(ReferencePipeline.java:127)
at java.base/java.util.stream.AbstractPipeline.copyIntoWithCancel(AbstractPipeline.java:502)
at java.base/java.util.stream.AbstractPipeline.copyInto(AbstractPipeline.java:488)
at java.base/java.util.stream.AbstractPipeline.wrapAndCopyInto(AbstractPipeline.java:474)
at java.base/java.util.stream.FindOps$FindOp.evaluateSequential(FindOps.java:150)
at java.base/java.util.stream.AbstractPipeline.evaluate(AbstractPipeline.java:234)
at java.base/java.util.stream.ReferencePipeline.findFirst(ReferencePipeline.java:543)
at org.openqa.selenium.remote.ProtocolHandshake.createSession(ProtocolHandshake.java:128)
... 43 more
... Removed 34 stack frames]]>
    </failure>
  </testcase> <!-- @BeforeTest setUp -->
  <testcase classname="intellimars.IntelliMars2iPhone" name="@BeforeMethod waitforit" time="-1.581406286065E9">
    <skipped/>
  </testcase> <!-- @BeforeMethod waitforit -->
  <testcase classname="intellimars.IntelliMars2iPhone" name="@BeforeMethod waitforit" time="-1.58140628609E9">
    <skipped/>
  </testcase> <!-- @BeforeMethod waitforit -->
  <testcase classname="intellimars.IntelliMars2iPhone" name="@BeforeMethod waitforit" time="-1.581406286104E9">
    <skipped/>
  </testcase> <!-- @BeforeMethod waitforit -->
  <testcase classname="intellimars.IntelliMars2iPhone" name="@BeforeMethod waitforit" time="-1.581406286112E9">
    <skipped/>
  </testcase> <!-- @BeforeMethod waitforit -->
  <testcase classname="intellimars.IntelliMars2iPhone" name="@BeforeMethod waitforit" time="-1.581406286125E9">
    <skipped/>
  </testcase> <!-- @BeforeMethod waitforit -->
  <testcase classname="intellimars.IntelliMars2iPhone" name="@BeforeMethod waitforit" time="-1.581406286145E9">
    <skipped/>
  </testcase> <!-- @BeforeMethod waitforit -->
  <testcase classname="intellimars.IntelliMars2iPhone" name="@BeforeMethod waitforit" time="-1.58140628617E9">
    <skipped/>
  </testcase> <!-- @BeforeMethod waitforit -->
  <testcase classname="intellimars.IntelliMars2iPhone" name="@BeforeMethod waitforit" time="-1.581406286185E9">
    <skipped/>
  </testcase> <!-- @BeforeMethod waitforit -->
  <testcase classname="intellimars.IntelliMars2iPhone" name="@BeforeMethod waitforit" time="-1.581406286196E9">
    <skipped/>
  </testcase> <!-- @BeforeMethod waitforit -->
  <testcase classname="intellimars.IntelliMars2iPhone" name="@BeforeMethod waitforit" time="-1.58140628621E9">
    <skipped/>
  </testcase> <!-- @BeforeMethod waitforit -->
  <testcase classname="intellimars.IntelliMars2iPhone" name="@BeforeMethod waitforit" time="-1.581406286221E9">
    <skipped/>
  </testcase> <!-- @BeforeMethod waitforit -->
  <testcase classname="intellimars.IntelliMars2iPhone" name="@BeforeMethod waitforit" time="-1.581406286229E9">
    <skipped/>
  </testcase> <!-- @BeforeMethod waitforit -->
  <testcase classname="intellimars.IntelliMars2iPhone" name="@BeforeMethod waitforit" time="-1.581406286244E9">
    <skipped/>
  </testcase> <!-- @BeforeMethod waitforit -->
  <testcase classname="intellimars.IntelliMars2iPhone" name="@BeforeMethod waitforit" time="-1.581406286253E9">
    <skipped/>
  </testcase> <!-- @BeforeMethod waitforit -->
  <testcase classname="intellimars.IntelliMars2iPhone" name="@BeforeMethod waitforit" time="-1.581406286262E9">
    <skipped/>
  </testcase> <!-- @BeforeMethod waitforit -->
  <testcase classname="intellimars.IntelliMars2iPhone" name="@BeforeMethod waitforit" time="-1.581406286274E9">
    <skipped/>
  </testcase> <!-- @BeforeMethod waitforit -->
  <testcase classname="intellimars.IntelliMars2iPhone" name="repsync" time="0.0">
    <skipped/>
  </testcase> <!-- repsync -->
  <testcase classname="intellimars.IntelliMars2iPhone" name="officesync" time="0.0">
    <skipped/>
  </testcase> <!-- officesync -->
  <testcase classname="intellimars.IntelliMars2iPhone" name="firmsync" time="0.0">
    <skipped/>
  </testcase> <!-- firmsync -->
  <testcase classname="intellimars.IntelliMars2iPhone" name="editrep" time="0.0">
    <skipped/>
  </testcase> <!-- editrep -->
  <testcase classname="intellimars.IntelliMars2iPhone" name="addrep" time="0.0">
    <skipped/>
  </testcase> <!-- addrep -->
  <testcase classname="intellimars.IntelliMars2iPhone" name="calmeeting" time="0.0">
    <skipped/>
  </testcase> <!-- calmeeting -->
  <testcase classname="intellimars.IntelliMars2iPhone" name="calcall" time="0.0">
    <skipped/>
  </testcase> <!-- calcall -->
  <testcase classname="intellimars.IntelliMars2iPhone" name="callogcall" time="0.0">
    <skipped/>
  </testcase> <!-- callogcall -->
  <testcase classname="intellimars.IntelliMars2iPhone" name="repmeet" time="0.0">
    <skipped/>
  </testcase> <!-- repmeet -->
  <testcase classname="intellimars.IntelliMars2iPhone" name="repschedulecall" time="0.0">
    <skipped/>
  </testcase> <!-- repschedulecall -->
  <testcase classname="intellimars.IntelliMars2iPhone" name="logcalls" time="0.0">
    <skipped/>
  </testcase> <!-- logcalls -->
  <testcase classname="intellimars.IntelliMars2iPhone" name="repemail" time="0.0">
    <skipped/>
  </testcase> <!-- repemail -->
  <testcase classname="intellimars.IntelliMars2iPhone" name="note" time="0.0">
    <skipped/>
  </testcase> <!-- note -->
  <testcase classname="intellimars.IntelliMars2iPhone" name="repcategory" time="0.0">
    <skipped/>
  </testcase> <!-- repcategory -->
  <testcase classname="intellimars.IntelliMars2iPhone" name="rephone" time="0.0">
    <skipped/>
  </testcase> <!-- rephone -->
  <testcase classname="intellimars.IntelliMars2iPhone" name="repaddress" time="0.0">
    <skipped/>
  </testcase> <!-- repaddress -->
</testsuite> <!-- IntelliMars2iPhone -->
